<?xml version="1.0" encoding="UTF-8"?>
<testsuite name="com.jaesay.ModuleApiApplicationTests" tests="1" skipped="0" failures="0" errors="0" timestamp="2019-06-01T07:11:20" hostname="LAPTOP-C57O7Q05" time="0.146">
  <properties/>
  <testcase name="save" classname="com.jaesay.ModuleApiApplicationTests" time="0.146"/>
  <system-out><![CDATA[16:11:15.465 [Test worker] DEBUG org.springframework.test.context.junit4.SpringJUnit4ClassRunner - SpringJUnit4ClassRunner constructor called with [class com.jaesay.ModuleApiApplicationTests]
16:11:15.481 [Test worker] DEBUG org.springframework.test.context.BootstrapUtils - Instantiating CacheAwareContextLoaderDelegate from class [org.springframework.test.context.cache.DefaultCacheAwareContextLoaderDelegate]
16:11:15.481 [Test worker] DEBUG org.springframework.test.context.BootstrapUtils - Instantiating BootstrapContext using constructor [public org.springframework.test.context.support.DefaultBootstrapContext(java.lang.Class,org.springframework.test.context.CacheAwareContextLoaderDelegate)]
16:11:15.496 [Test worker] DEBUG org.springframework.test.context.BootstrapUtils - Instantiating TestContextBootstrapper for test class [com.jaesay.ModuleApiApplicationTests] from class [org.springframework.boot.test.context.SpringBootTestContextBootstrapper]
16:11:15.512 [Test worker] INFO org.springframework.boot.test.context.SpringBootTestContextBootstrapper - Neither @ContextConfiguration nor @ContextHierarchy found for test class [com.jaesay.ModuleApiApplicationTests], using SpringBootContextLoader
16:11:15.512 [Test worker] DEBUG org.springframework.test.context.support.AbstractContextLoader - Did not detect default resource location for test class [com.jaesay.ModuleApiApplicationTests]: class path resource [com/jaesay/ModuleApiApplicationTests-context.xml] does not exist
16:11:15.512 [Test worker] DEBUG org.springframework.test.context.support.AbstractContextLoader - Did not detect default resource location for test class [com.jaesay.ModuleApiApplicationTests]: class path resource [com/jaesay/ModuleApiApplicationTestsContext.groovy] does not exist
16:11:15.512 [Test worker] INFO org.springframework.test.context.support.AbstractContextLoader - Could not detect default resource locations for test class [com.jaesay.ModuleApiApplicationTests]: no resource found for suffixes {-context.xml, Context.groovy}.
16:11:15.512 [Test worker] INFO org.springframework.test.context.support.AnnotationConfigContextLoaderUtils - Could not detect default configuration classes for test class [com.jaesay.ModuleApiApplicationTests]: ModuleApiApplicationTests does not declare any static, non-private, non-final, nested classes annotated with @Configuration.
16:11:15.543 [Test worker] DEBUG org.springframework.test.context.support.ActiveProfilesUtils - Could not find an 'annotation declaring class' for annotation type [org.springframework.test.context.ActiveProfiles] and class [com.jaesay.ModuleApiApplicationTests]
16:11:15.621 [Test worker] DEBUG org.springframework.context.annotation.ClassPathScanningCandidateComponentProvider - Identified candidate component class: file [D:\workspace\study\gradle-multi-modules\module-api\build\classes\java\main\com\jaesay\ModuleApiApplication.class]
16:11:15.621 [Test worker] INFO org.springframework.boot.test.context.SpringBootTestContextBootstrapper - Found @SpringBootConfiguration com.jaesay.ModuleApiApplication for test class com.jaesay.ModuleApiApplicationTests
16:11:15.699 [Test worker] DEBUG org.springframework.boot.test.context.SpringBootTestContextBootstrapper - @TestExecutionListeners is not present for class [com.jaesay.ModuleApiApplicationTests]: using defaults.
16:11:15.699 [Test worker] INFO org.springframework.boot.test.context.SpringBootTestContextBootstrapper - Loaded default TestExecutionListener class names from location [META-INF/spring.factories]: [org.springframework.boot.test.autoconfigure.restdocs.RestDocsTestExecutionListener, org.springframework.boot.test.autoconfigure.web.client.MockRestServiceServerResetTestExecutionListener, org.springframework.boot.test.autoconfigure.web.servlet.MockMvcPrintOnlyOnFailureTestExecutionListener, org.springframework.boot.test.autoconfigure.web.servlet.WebDriverTestExecutionListener, org.springframework.boot.test.mock.mockito.MockitoTestExecutionListener, org.springframework.boot.test.mock.mockito.ResetMocksTestExecutionListener, org.springframework.test.context.web.ServletTestExecutionListener, org.springframework.test.context.support.DirtiesContextBeforeModesTestExecutionListener, org.springframework.test.context.support.DependencyInjectionTestExecutionListener, org.springframework.test.context.support.DirtiesContextTestExecutionListener, org.springframework.test.context.transaction.TransactionalTestExecutionListener, org.springframework.test.context.jdbc.SqlScriptsTestExecutionListener]
16:11:15.715 [Test worker] INFO org.springframework.boot.test.context.SpringBootTestContextBootstrapper - Using TestExecutionListeners: [org.springframework.test.context.web.ServletTestExecutionListener@119abcd7, org.springframework.test.context.support.DirtiesContextBeforeModesTestExecutionListener@7086375b, org.springframework.boot.test.mock.mockito.MockitoTestExecutionListener@71d7dc55, org.springframework.boot.test.autoconfigure.SpringBootDependencyInjectionTestExecutionListener@a69f4df, org.springframework.test.context.support.DirtiesContextTestExecutionListener@4e519d41, org.springframework.test.context.transaction.TransactionalTestExecutionListener@f2c573f, org.springframework.test.context.jdbc.SqlScriptsTestExecutionListener@40d607fb, org.springframework.boot.test.autoconfigure.restdocs.RestDocsTestExecutionListener@5dccc32, org.springframework.boot.test.autoconfigure.web.client.MockRestServiceServerResetTestExecutionListener@4725f25d, org.springframework.boot.test.autoconfigure.web.servlet.MockMvcPrintOnlyOnFailureTestExecutionListener@2a5dd029, org.springframework.boot.test.autoconfigure.web.servlet.WebDriverTestExecutionListener@5a44e346, org.springframework.boot.test.mock.mockito.ResetMocksTestExecutionListener@399a1960]
16:11:15.715 [Test worker] DEBUG org.springframework.test.annotation.ProfileValueUtils - Retrieved @ProfileValueSourceConfiguration [null] for test class [com.jaesay.ModuleApiApplicationTests]
16:11:15.715 [Test worker] DEBUG org.springframework.test.annotation.ProfileValueUtils - Retrieved ProfileValueSource type [class org.springframework.test.annotation.SystemProfileValueSource] for class [com.jaesay.ModuleApiApplicationTests]
16:11:15.715 [Test worker] DEBUG org.springframework.test.annotation.ProfileValueUtils - Retrieved @ProfileValueSourceConfiguration [null] for test class [com.jaesay.ModuleApiApplicationTests]
16:11:15.715 [Test worker] DEBUG org.springframework.test.annotation.ProfileValueUtils - Retrieved ProfileValueSource type [class org.springframework.test.annotation.SystemProfileValueSource] for class [com.jaesay.ModuleApiApplicationTests]
16:11:15.715 [Test worker] DEBUG org.springframework.test.context.support.AbstractDirtiesContextTestExecutionListener - Before test class: context [DefaultTestContext@2f6176e5 testClass = ModuleApiApplicationTests, testInstance = [null], testMethod = [null], testException = [null], mergedContextConfiguration = [WebMergedContextConfiguration@3e7a41be testClass = ModuleApiApplicationTests, locations = '{}', classes = '{class com.jaesay.ModuleApiApplication}', contextInitializerClasses = '[]', activeProfiles = '{}', propertySourceLocations = '{}', propertySourceProperties = '{org.springframework.boot.test.context.SpringBootTestContextBootstrapper=true}', contextCustomizers = set[org.springframework.boot.test.autoconfigure.properties.PropertyMappingContextCustomizer@0, org.springframework.boot.test.autoconfigure.web.servlet.WebDriverContextCustomizerFactory$Customizer@2abc1c6a, org.springframework.boot.test.context.filter.ExcludeFilterContextCustomizer@30b90189, org.springframework.boot.test.json.DuplicateJsonObjectContextCustomizerFactory$DuplicateJsonObjectContextCustomizer@2474cc37, org.springframework.boot.test.mock.mockito.MockitoContextCustomizer@0, org.springframework.boot.test.web.client.TestRestTemplateContextCustomizer@48ac861e], resourceBasePath = 'src/main/webapp', contextLoader = 'org.springframework.boot.test.context.SpringBootContextLoader', parent = [null]], attributes = map['org.springframework.test.context.web.ServletTestExecutionListener.activateListener' -> true]], class annotated with @DirtiesContext [false] with mode [null].
16:11:15.715 [Test worker] DEBUG org.springframework.test.annotation.ProfileValueUtils - Retrieved @ProfileValueSourceConfiguration [null] for test class [com.jaesay.ModuleApiApplicationTests]
16:11:15.715 [Test worker] DEBUG org.springframework.test.annotation.ProfileValueUtils - Retrieved ProfileValueSource type [class org.springframework.test.annotation.SystemProfileValueSource] for class [com.jaesay.ModuleApiApplicationTests]
16:11:15.730 [Test worker] DEBUG org.springframework.test.context.support.TestPropertySourceUtils - Adding inlined properties to environment: {spring.jmx.enabled=false, org.springframework.boot.test.context.SpringBootTestContextBootstrapper=true, server.port=-1}

  .   ____          _            __ _ _
 /\\ / ___'_ __ _ _(_)_ __  __ _ \ \ \ \
( ( )\___ | '_ | '_| | '_ \/ _` | \ \ \ \
 \\/  ___)| |_)| | | | | || (_| |  ) ) ) )
  '  |____| .__|_| |_|_| |_\__, | / / / /
 =========|_|==============|___/=/_/_/_/
 :: Spring Boot ::        (v2.1.5.RELEASE)

2019-06-01 16:11:16.090  INFO 13936 --- [    Test worker] com.jaesay.ModuleApiApplicationTests     : Starting ModuleApiApplicationTests on LAPTOP-C57O7Q05 with PID 13936 (started by jaeseong in D:\workspace\study\gradle-multi-modules\module-api)
2019-06-01 16:11:16.090  INFO 13936 --- [    Test worker] com.jaesay.ModuleApiApplicationTests     : No active profile set, falling back to default profiles: default
2019-06-01 16:11:17.152  INFO 13936 --- [    Test worker] .s.d.r.c.RepositoryConfigurationDelegate : Bootstrapping Spring Data repositories in DEFAULT mode.
2019-06-01 16:11:17.230  INFO 13936 --- [    Test worker] .s.d.r.c.RepositoryConfigurationDelegate : Finished Spring Data repository scanning in 78ms. Found 1 repository interfaces.
2019-06-01 16:11:17.877  INFO 13936 --- [    Test worker] trationDelegate$BeanPostProcessorChecker : Bean 'org.springframework.transaction.annotation.ProxyTransactionManagementConfiguration' of type [org.springframework.transaction.annotation.ProxyTransactionManagementConfiguration$$EnhancerBySpringCGLIB$$f98ca946] is not eligible for getting processed by all BeanPostProcessors (for example: not eligible for auto-proxying)
2019-06-01 16:11:18.138  INFO 13936 --- [    Test worker] com.zaxxer.hikari.HikariDataSource       : HikariPool-1 - Starting...
2019-06-01 16:11:18.305  INFO 13936 --- [    Test worker] com.zaxxer.hikari.HikariDataSource       : HikariPool-1 - Start completed.
2019-06-01 16:11:18.394  INFO 13936 --- [    Test worker] o.hibernate.jpa.internal.util.LogHelper  : HHH000204: Processing PersistenceUnitInfo [
	name: default
	...]
2019-06-01 16:11:18.473  INFO 13936 --- [    Test worker] org.hibernate.Version                    : HHH000412: Hibernate Core {5.3.10.Final}
2019-06-01 16:11:18.475  INFO 13936 --- [    Test worker] org.hibernate.cfg.Environment            : HHH000206: hibernate.properties not found
2019-06-01 16:11:18.632  INFO 13936 --- [    Test worker] o.hibernate.annotations.common.Version   : HCANN000001: Hibernate Commons Annotations {5.0.4.Final}
2019-06-01 16:11:18.787  INFO 13936 --- [    Test worker] org.hibernate.dialect.Dialect            : HHH000400: Using dialect: org.hibernate.dialect.H2Dialect
2019-06-01 16:11:19.443  INFO 13936 --- [    Test worker] o.h.t.schema.internal.SchemaCreatorImpl  : HHH000476: Executing import script 'org.hibernate.tool.schema.internal.exec.ScriptSourceInputNonExistentImpl@3343b5c8'
2019-06-01 16:11:19.443  INFO 13936 --- [    Test worker] j.LocalContainerEntityManagerFactoryBean : Initialized JPA EntityManagerFactory for persistence unit 'default'
2019-06-01 16:11:20.271  INFO 13936 --- [    Test worker] o.s.s.concurrent.ThreadPoolTaskExecutor  : Initializing ExecutorService 'applicationTaskExecutor'
2019-06-01 16:11:20.334  WARN 13936 --- [    Test worker] aWebConfiguration$JpaWebMvcConfiguration : spring.jpa.open-in-view is enabled by default. Therefore, database queries may be performed during view rendering. Explicitly configure spring.jpa.open-in-view to disable this warning
2019-06-01 16:11:20.678  INFO 13936 --- [    Test worker] com.jaesay.ModuleApiApplicationTests     : Started ModuleApiApplicationTests in 4.932 seconds (JVM running for 6.264)
]]></system-out>
  <system-err><![CDATA[]]></system-err>
</testsuite>
